<?xml version="1.0" encoding="UTF-8"?>
<testng-results total="9" passed="9" failed="0" skipped="0">
  <reporter-output>
  </reporter-output>
  <suite started-at="2024-06-04T10:50:41Z" name="Test Suite for Buildout" finished-at="2024-06-04T10:52:35Z" duration-ms="114217">
    <groups>
    </groups>
    <test started-at="2024-06-04T10:50:41Z" name="Test Cases for Buildout" finished-at="2024-06-04T10:52:35Z" duration-ms="114217">
      <class name="demo.TestCases">
        <test-method is-config="true" signature="startBrowser()[pri:0, instance:demo.TestCases@5460cf3a]" started-at="2024-06-04T16:20:41Z" name="startBrowser" finished-at="2024-06-04T16:20:45Z" duration-ms="4467" status="PASS">
          <reporter-output>
          </reporter-output>
        </test-method> <!-- startBrowser -->
        <test-method signature="testCase01()[pri:0, instance:demo.TestCases@5460cf3a]" started-at="2024-06-04T16:20:45Z" name="testCase01" finished-at="2024-06-04T16:21:00Z" duration-ms="14151" status="PASS">
          <reporter-output>
          </reporter-output>
        </test-method> <!-- testCase01 -->
        <test-method signature="testCase02()[pri:0, instance:demo.TestCases@5460cf3a]" started-at="2024-06-04T16:21:00Z" name="testCase02" finished-at="2024-06-04T16:21:16Z" duration-ms="16284" status="PASS">
          <reporter-output>
          </reporter-output>
        </test-method> <!-- testCase02 -->
        <test-method signature="testCase03()[pri:0, instance:demo.TestCases@5460cf3a]" started-at="2024-06-04T16:21:16Z" name="testCase03" finished-at="2024-06-04T16:21:34Z" duration-ms="18267" status="PASS">
          <reporter-output>
          </reporter-output>
        </test-method> <!-- testCase03 -->
        <test-method signature="testCase04()[pri:0, instance:demo.TestCases@5460cf3a]" started-at="2024-06-04T16:21:34Z" name="testCase04" finished-at="2024-06-04T16:21:46Z" duration-ms="12241" status="PASS">
          <reporter-output>
          </reporter-output>
        </test-method> <!-- testCase04 -->
        <test-method signature="testCase05(java.lang.String)[pri:0, instance:demo.TestCases@5460cf3a]" started-at="2024-06-04T16:21:48Z" name="testCase05" data-provider="excelData" finished-at="2024-06-04T16:21:57Z" duration-ms="9403" status="PASS">
          <params>
            <param index="0">
              <value>
                <![CDATA[Movies]]>
              </value>
            </param>
          </params>
          <reporter-output>
          </reporter-output>
        </test-method> <!-- testCase05 -->
        <test-method signature="testCase05(java.lang.String)[pri:0, instance:demo.TestCases@5460cf3a]" started-at="2024-06-04T16:21:57Z" name="testCase05" data-provider="excelData" finished-at="2024-06-04T16:22:06Z" duration-ms="8990" status="PASS">
          <params>
            <param index="0">
              <value>
                <![CDATA[Music]]>
              </value>
            </param>
          </params>
          <reporter-output>
          </reporter-output>
        </test-method> <!-- testCase05 -->
        <test-method signature="testCase05(java.lang.String)[pri:0, instance:demo.TestCases@5460cf3a]" started-at="2024-06-04T16:22:06Z" name="testCase05" data-provider="excelData" finished-at="2024-06-04T16:22:16Z" duration-ms="9601" status="PASS">
          <params>
            <param index="0">
              <value>
                <![CDATA[Games]]>
              </value>
            </param>
          </params>
          <reporter-output>
          </reporter-output>
        </test-method> <!-- testCase05 -->
        <test-method signature="testCase05(java.lang.String)[pri:0, instance:demo.TestCases@5460cf3a]" started-at="2024-06-04T16:22:16Z" name="testCase05" data-provider="excelData" finished-at="2024-06-04T16:22:25Z" duration-ms="9329" status="PASS">
          <params>
            <param index="0">
              <value>
                <![CDATA[India]]>
              </value>
            </param>
          </params>
          <reporter-output>
          </reporter-output>
        </test-method> <!-- testCase05 -->
        <test-method signature="testCase05(java.lang.String)[pri:0, instance:demo.TestCases@5460cf3a]" started-at="2024-06-04T16:22:25Z" name="testCase05" data-provider="excelData" finished-at="2024-06-04T16:22:35Z" duration-ms="9740" status="PASS">
          <params>
            <param index="0">
              <value>
                <![CDATA[UK]]>
              </value>
            </param>
          </params>
          <reporter-output>
          </reporter-output>
        </test-method> <!-- testCase05 -->
        <test-method is-config="true" signature="endTest()[pri:0, instance:demo.TestCases@5460cf3a]" started-at="2024-06-04T16:22:35Z" name="endTest" finished-at="2024-06-04T16:22:35Z" duration-ms="499" status="PASS">
          <reporter-output>
          </reporter-output>
        </test-method> <!-- endTest -->
      </class> <!-- demo.TestCases -->
    </test> <!-- Test Cases for Buildout -->
  </suite> <!-- Test Suite for Buildout -->
</testng-results>
